1648774288393	geckodriver	INFO	Listening on 127.0.0.1:42933
1648828822501	geckodriver	INFO	Listening on 127.0.0.1:44157
1648829141190	geckodriver	INFO	Listening on 127.0.0.1:59883
1648829181406	geckodriver	INFO	Listening on 127.0.0.1:47643
1648829544813	geckodriver	INFO	Listening on 127.0.0.1:55249
1648829544820	mozrunner::runner	INFO	Running command: "/usr/bin/firefox" "--marionette" "--headless" "--remote-debugging-port" "45763" "-no-remote" "-profile" "/tmp/rust_mozprofilePgPACm"
*** You are running in headless mode.
[GFX1-]: glxtest: libEGL missing
1648829545882	Marionette	INFO	Marionette enabled
[GFX1-]: RenderCompositorSWGL failed mapping default framebuffer, no dt
console.warn: SearchSettings: "get: No settings file exists, new profile?" (new NotFoundError("Could not open the file at /tmp/rust_mozprofilePgPACm/search.json.mozlz4", (void 0)))
DevTools listening on ws://localhost:45763/devtools/browser/39061258-1d3a-4723-bd43-bd5ca6d38d2b
1648829548781	Marionette	INFO	Listening on port 37937
1648829548895	RemoteAgent	WARN	TLS certificate errors will be ignored for this session
1648829553888	geckodriver	INFO	Listening on 127.0.0.1:42121
1648829554401	mozrunner::runner	INFO	Running command: "/usr/bin/firefox" "--marionette" "--headless" "--remote-debugging-port" "57245" "-no-remote" "-profile" "/tmp/rust_mozprofilecNwEzZ"
*** You are running in headless mode.
[GFX1-]: glxtest: libEGL missing
1648829554935	Marionette	INFO	Marionette enabled
[GFX1-]: RenderCompositorSWGL failed mapping default framebuffer, no dt
console.warn: SearchSettings: "get: No settings file exists, new profile?" (new NotFoundError("Could not open the file at /tmp/rust_mozprofilecNwEzZ/search.json.mozlz4", (void 0)))
DevTools listening on ws://localhost:57245/devtools/browser/3d9e012b-a182-4449-bbd1-36cbfda8c1ab
1648829557847	Marionette	INFO	Listening on port 37843
1648829557941	RemoteAgent	WARN	TLS certificate errors will be ignored for this session
1648829564328	geckodriver	INFO	Listening on 127.0.0.1:53777
1648829564332	mozrunner::runner	INFO	Running command: "/usr/bin/firefox" "--marionette" "--headless" "--remote-debugging-port" "53351" "-no-remote" "-profile" "/tmp/rust_mozprofilef5CYZ7"
*** You are running in headless mode.
[GFX1-]: glxtest: libEGL missing
1648829564711	Marionette	INFO	Marionette enabled
[GFX1-]: RenderCompositorSWGL failed mapping default framebuffer, no dt
console.warn: SearchSettings: "get: No settings file exists, new profile?" (new NotFoundError("Could not open the file at /tmp/rust_mozprofilef5CYZ7/search.json.mozlz4", (void 0)))
DevTools listening on ws://localhost:53351/devtools/browser/1d3ec539-9daa-4d51-bdfd-f1143f55f585
1648829567402	Marionette	INFO	Listening on port 38723
1648829567512	RemoteAgent	WARN	TLS certificate errors will be ignored for this session
1648829877659	geckodriver	INFO	Listening on 127.0.0.1:43779
1648829877665	mozrunner::runner	INFO	Running command: "/usr/bin/firefox" "--marionette" "--headless" "--remote-debugging-port" "40081" "-no-remote" "-profile" "/tmp/rust_mozprofileH1413q"
*** You are running in headless mode.
[GFX1-]: glxtest: libEGL missing
1648829878241	Marionette	INFO	Marionette enabled
[GFX1-]: RenderCompositorSWGL failed mapping default framebuffer, no dt
console.warn: SearchSettings: "get: No settings file exists, new profile?" (new NotFoundError("Could not open the file at /tmp/rust_mozprofileH1413q/search.json.mozlz4", (void 0)))
DevTools listening on ws://localhost:40081/devtools/browser/d0c9ca54-9c49-4c42-858d-9a09e8a07173
1648829881256	Marionette	INFO	Listening on port 44367
1648829881297	RemoteAgent	WARN	TLS certificate errors will be ignored for this session
1648829950283	geckodriver	INFO	Listening on 127.0.0.1:57771
1648829950288	mozrunner::runner	INFO	Running command: "/usr/bin/firefox" "--marionette" "--headless" "--remote-debugging-port" "53633" "-no-remote" "-profile" "/tmp/rust_mozprofileTu5wlu"
*** You are running in headless mode.
[GFX1-]: glxtest: libEGL missing
1648829950704	Marionette	INFO	Marionette enabled
[GFX1-]: RenderCompositorSWGL failed mapping default framebuffer, no dt
console.warn: SearchSettings: "get: No settings file exists, new profile?" (new NotFoundError("Could not open the file at /tmp/rust_mozprofileTu5wlu/search.json.mozlz4", (void 0)))
DevTools listening on ws://localhost:53633/devtools/browser/0dfada2a-7bb5-44df-88d2-295637f60c56
1648829953280	Marionette	INFO	Listening on port 41445
1648829953334	RemoteAgent	WARN	TLS certificate errors will be ignored for this session
1648829958322	geckodriver	INFO	Listening on 127.0.0.1:43187
1648829958827	mozrunner::runner	INFO	Running command: "/usr/bin/firefox" "--marionette" "--headless" "--remote-debugging-port" "50989" "-no-remote" "-profile" "/tmp/rust_mozprofilegzyDyQ"
*** You are running in headless mode.
[GFX1-]: glxtest: libEGL missing
1648829959263	Marionette	INFO	Marionette enabled
[GFX1-]: RenderCompositorSWGL failed mapping default framebuffer, no dt
console.warn: SearchSettings: "get: No settings file exists, new profile?" (new NotFoundError("Could not open the file at /tmp/rust_mozprofilegzyDyQ/search.json.mozlz4", (void 0)))
DevTools listening on ws://localhost:50989/devtools/browser/fc42d3cb-b22c-4953-984d-59189f05c3e1
1648829961978	Marionette	INFO	Listening on port 41357
1648829962117	RemoteAgent	WARN	TLS certificate errors will be ignored for this session
1648831037502	geckodriver	INFO	Listening on 127.0.0.1:57095
1648831037508	mozrunner::runner	INFO	Running command: "/usr/bin/firefox" "--marionette" "--headless" "--remote-debugging-port" "56049" "-no-remote" "-profile" "/tmp/rust_mozprofile7y3EkZ"
*** You are running in headless mode.
[GFX1-]: glxtest: libEGL missing
1648831038040	Marionette	INFO	Marionette enabled
[GFX1-]: RenderCompositorSWGL failed mapping default framebuffer, no dt
Exiting due to channel error.
Exiting due to channel error.
1648831095719	geckodriver	INFO	Listening on 127.0.0.1:44281
1648831095725	mozrunner::runner	INFO	Running command: "/usr/bin/firefox" "--marionette" "--headless" "--remote-debugging-port" "50251" "-no-remote" "-profile" "/tmp/rust_mozprofileB8Nbo9"
*** You are running in headless mode.
[GFX1-]: glxtest: libEGL missing
1648831096371	Marionette	INFO	Marionette enabled
[GFX1-]: RenderCompositorSWGL failed mapping default framebuffer, no dt
console.warn: SearchSettings: "get: No settings file exists, new profile?" (new NotFoundError("Could not open the file at /tmp/rust_mozprofileB8Nbo9/search.json.mozlz4", (void 0)))
DevTools listening on ws://localhost:50251/devtools/browser/bbda035e-b3f5-45cc-b132-0f901d4f7602
1648831099040	Marionette	INFO	Listening on port 46435
1648831099221	RemoteAgent	WARN	TLS certificate errors will be ignored for this session
1648833983892	geckodriver	INFO	Listening on 127.0.0.1:43165
1648833983901	mozrunner::runner	INFO	Running command: "/usr/bin/firefox" "--marionette" "--headless" "--remote-debugging-port" "35233" "-no-remote" "-profile" "/tmp/rust_mozprofilePmWS0r"
*** You are running in headless mode.
[GFX1-]: glxtest: libEGL missing
1648833984404	Marionette	INFO	Marionette enabled
[GFX1-]: RenderCompositorSWGL failed mapping default framebuffer, no dt
console.warn: SearchSettings: "get: No settings file exists, new profile?" (new NotFoundError("Could not open the file at /tmp/rust_mozprofilePmWS0r/search.json.mozlz4", (void 0)))
DevTools listening on ws://localhost:35233/devtools/browser/2abcf925-2310-4131-98d2-359d3a1d12a9
1648833987318	Marionette	INFO	Listening on port 45409
1648833987451	RemoteAgent	WARN	TLS certificate errors will be ignored for this session
1648834215453	geckodriver	INFO	Listening on 127.0.0.1:48625
1648834215465	mozrunner::runner	INFO	Running command: "/usr/bin/firefox" "--marionette" "--headless" "--remote-debugging-port" "55515" "-no-remote" "-profile" "/tmp/rust_mozprofiler6l30r"
*** You are running in headless mode.
[GFX1-]: glxtest: libEGL missing
1648834216132	Marionette	INFO	Marionette enabled
[GFX1-]: RenderCompositorSWGL failed mapping default framebuffer, no dt
console.warn: SearchSettings: "get: No settings file exists, new profile?" (new NotFoundError("Could not open the file at /tmp/rust_mozprofiler6l30r/search.json.mozlz4", (void 0)))
DevTools listening on ws://localhost:55515/devtools/browser/d641c86c-1b83-4dc5-8dff-9b7d0e44e974
1648834219532	Marionette	INFO	Listening on port 43135
1648834219652	RemoteAgent	WARN	TLS certificate errors will be ignored for this session
JavaScript error: https://hivestats.io/static/js/main.8b21f44e.js, line 2: Error: Request aborted
1648834246292	geckodriver	INFO	Listening on 127.0.0.1:58819
1648834246300	mozrunner::runner	INFO	Running command: "/usr/bin/firefox" "--marionette" "--headless" "--remote-debugging-port" "36201" "-no-remote" "-profile" "/tmp/rust_mozprofileT77Oj8"
*** You are running in headless mode.
[GFX1-]: glxtest: libEGL missing
1648834246825	Marionette	INFO	Marionette enabled
[GFX1-]: RenderCompositorSWGL failed mapping default framebuffer, no dt
console.warn: SearchSettings: "get: No settings file exists, new profile?" (new NotFoundError("Could not open the file at /tmp/rust_mozprofileT77Oj8/search.json.mozlz4", (void 0)))
DevTools listening on ws://localhost:36201/devtools/browser/958afd06-a282-4aa9-980c-c3c0dad1e213
1648834249553	Marionette	INFO	Listening on port 39327
1648834249632	RemoteAgent	WARN	TLS certificate errors will be ignored for this session
JavaScript error: https://hivestats.io/static/js/main.8b21f44e.js, line 2: Error: Request aborted
Exiting due to channel error.
Exiting due to channel error.
Exiting due to channel error.
1648834305509	geckodriver	INFO	Listening on 127.0.0.1:55733
1648834305515	mozrunner::runner	INFO	Running command: "/usr/bin/firefox" "--marionette" "--headless" "--remote-debugging-port" "37983" "-no-remote" "-profile" "/tmp/rust_mozprofilebyRISE"
*** You are running in headless mode.
[GFX1-]: glxtest: libEGL missing
1648834306066	Marionette	INFO	Marionette enabled
[GFX1-]: RenderCompositorSWGL failed mapping default framebuffer, no dt
console.warn: SearchSettings: "get: No settings file exists, new profile?" (new NotFoundError("Could not open the file at /tmp/rust_mozprofilebyRISE/search.json.mozlz4", (void 0)))
DevTools listening on ws://localhost:37983/devtools/browser/72e96292-c847-4e80-817f-32d466e8b583
1648834309324	Marionette	INFO	Listening on port 35989
1648834309377	RemoteAgent	WARN	TLS certificate errors will be ignored for this session
[GFX1-]: Receive IPC close with reason=AbnormalShutdown
Exiting due to channel error.
Exiting due to channel error.
Exiting due to channel error.
1648834495953	geckodriver	INFO	Listening on 127.0.0.1:48283
1648834495958	mozrunner::runner	INFO	Running command: "/usr/bin/firefox" "--marionette" "--headless" "--remote-debugging-port" "36871" "-no-remote" "-profile" "/tmp/rust_mozprofilegx0pZh"
*** You are running in headless mode.
[GFX1-]: glxtest: libEGL missing
1648834496464	Marionette	INFO	Marionette enabled
[GFX1-]: RenderCompositorSWGL failed mapping default framebuffer, no dt
console.warn: SearchSettings: "get: No settings file exists, new profile?" (new NotFoundError("Could not open the file at /tmp/rust_mozprofilegx0pZh/search.json.mozlz4", (void 0)))
DevTools listening on ws://localhost:36871/devtools/browser/e18e5c7d-abac-4512-a328-e92a27cb30ad
1648834498772	Marionette	INFO	Listening on port 46287
1648834498886	RemoteAgent	WARN	TLS certificate errors will be ignored for this session
Exiting due to channel error.
Exiting due to channel error.
Exiting due to channel error.
1648834611457	geckodriver	INFO	Listening on 127.0.0.1:38969
1648834611475	mozrunner::runner	INFO	Running command: "/usr/bin/firefox" "--marionette" "--headless" "--remote-debugging-port" "40157" "-no-remote" "-profile" "/tmp/rust_mozprofileB3kO7S"
*** You are running in headless mode.
[GFX1-]: glxtest: libEGL missing
1648834612183	Marionette	INFO	Marionette enabled
[GFX1-]: RenderCompositorSWGL failed mapping default framebuffer, no dt
console.warn: SearchSettings: "get: No settings file exists, new profile?" (new NotFoundError("Could not open the file at /tmp/rust_mozprofileB3kO7S/search.json.mozlz4", (void 0)))
DevTools listening on ws://localhost:40157/devtools/browser/11eefe70-18d3-46e1-8e49-ddafa6cc17c0
1648834615376	Marionette	INFO	Listening on port 46443
1648834615439	RemoteAgent	WARN	TLS certificate errors will be ignored for this session
Exiting due to channel error.
Exiting due to channel error.
Exiting due to channel error.
1648834670954	geckodriver	INFO	Listening on 127.0.0.1:42905
1648834670959	mozrunner::runner	INFO	Running command: "/usr/bin/firefox" "--marionette" "--headless" "--remote-debugging-port" "34729" "-no-remote" "-profile" "/tmp/rust_mozprofileVWO2xF"
*** You are running in headless mode.
[GFX1-]: glxtest: libEGL missing
1648834671653	Marionette	INFO	Marionette enabled
[GFX1-]: RenderCompositorSWGL failed mapping default framebuffer, no dt
console.warn: SearchSettings: "get: No settings file exists, new profile?" (new NotFoundError("Could not open the file at /tmp/rust_mozprofileVWO2xF/search.json.mozlz4", (void 0)))
DevTools listening on ws://localhost:34729/devtools/browser/0b04891d-bc40-411c-b1c2-9a07a8051e37
1648834674794	Marionette	INFO	Listening on port 35187
1648834674943	RemoteAgent	WARN	TLS certificate errors will be ignored for this session
JavaScript error: https://hivestats.io/static/js/main.8b21f44e.js, line 2: Error: Request aborted
Exiting due to channel error.
Exiting due to channel error.
Exiting due to channel error.
1648835070414	geckodriver	INFO	Listening on 127.0.0.1:59145
1648835070427	mozrunner::runner	INFO	Running command: "/usr/bin/firefox" "--marionette" "--headless" "--remote-debugging-port" "45213" "-no-remote" "-profile" "/tmp/rust_mozprofileZn7y9o"
*** You are running in headless mode.
[GFX1-]: glxtest: libEGL missing
1648835071077	Marionette	INFO	Marionette enabled
[GFX1-]: RenderCompositorSWGL failed mapping default framebuffer, no dt
console.warn: SearchSettings: "get: No settings file exists, new profile?" (new NotFoundError("Could not open the file at /tmp/rust_mozprofileZn7y9o/search.json.mozlz4", (void 0)))
DevTools listening on ws://localhost:45213/devtools/browser/b70d9700-d37f-4710-a797-8234a658970e
1648835074475	Marionette	INFO	Listening on port 32929
1648835074607	RemoteAgent	WARN	TLS certificate errors will be ignored for this session
JavaScript error: https://hivestats.io/static/js/main.8b21f44e.js, line 2: Error: Request aborted
Exiting due to channel error.
Exiting due to channel error.
Exiting due to channel error.
1648835370380	geckodriver	INFO	Listening on 127.0.0.1:51457
1648835370386	mozrunner::runner	INFO	Running command: "/usr/bin/firefox" "--marionette" "--headless" "--remote-debugging-port" "56341" "-no-remote" "-profile" "/tmp/rust_mozprofileVGvy0H"
*** You are running in headless mode.
[GFX1-]: glxtest: libEGL missing
1648835370993	Marionette	INFO	Marionette enabled
[GFX1-]: RenderCompositorSWGL failed mapping default framebuffer, no dt
console.warn: SearchSettings: "get: No settings file exists, new profile?" (new NotFoundError("Could not open the file at /tmp/rust_mozprofileVGvy0H/search.json.mozlz4", (void 0)))
DevTools listening on ws://localhost:56341/devtools/browser/0b6d6a08-1a1a-4da8-8621-cc43c2c17ea7
1648835373779	Marionette	INFO	Listening on port 38517
1648835373820	RemoteAgent	WARN	TLS certificate errors will be ignored for this session
JavaScript error: https://hivestats.io/static/js/main.8b21f44e.js, line 2: Error: Request aborted
[GFX1-]: Receive IPC close with reason=AbnormalShutdown
Exiting due to channel error.
Exiting due to channel error.
Exiting due to channel error.
1648835477387	geckodriver	INFO	Listening on 127.0.0.1:46897
1648835477398	mozrunner::runner	INFO	Running command: "/usr/bin/firefox" "--marionette" "--headless" "--remote-debugging-port" "41457" "-no-remote" "-profile" "/tmp/rust_mozprofilePMHpGQ"
*** You are running in headless mode.
[GFX1-]: glxtest: libEGL missing
1648835477927	Marionette	INFO	Marionette enabled
[GFX1-]: RenderCompositorSWGL failed mapping default framebuffer, no dt
console.warn: SearchSettings: "get: No settings file exists, new profile?" (new NotFoundError("Could not open the file at /tmp/rust_mozprofilePMHpGQ/search.json.mozlz4", (void 0)))
DevTools listening on ws://localhost:41457/devtools/browser/65756161-84b8-4054-bd00-6edb49b9487c
1648835480635	Marionette	INFO	Listening on port 40077
1648835480760	RemoteAgent	WARN	TLS certificate errors will be ignored for this session
[GFX1-]: Receive IPC close with reason=AbnormalShutdown
Exiting due to channel error.
Exiting due to channel error.
Exiting due to channel error.
1648835625126	geckodriver	INFO	Listening on 127.0.0.1:51365
1648835625146	mozrunner::runner	INFO	Running command: "/usr/bin/firefox" "--marionette" "--headless" "--remote-debugging-port" "33249" "-no-remote" "-profile" "/tmp/rust_mozprofileBCRNhc"
*** You are running in headless mode.
[GFX1-]: glxtest: libEGL missing
1648835625788	Marionette	INFO	Marionette enabled
[GFX1-]: RenderCompositorSWGL failed mapping default framebuffer, no dt
console.warn: SearchSettings: "get: No settings file exists, new profile?" (new NotFoundError("Could not open the file at /tmp/rust_mozprofileBCRNhc/search.json.mozlz4", (void 0)))
DevTools listening on ws://localhost:33249/devtools/browser/072f9f58-bcff-407b-9abb-e9d3f3baa411
1648835628681	Marionette	INFO	Listening on port 42285
1648835628860	RemoteAgent	WARN	TLS certificate errors will be ignored for this session
Exiting due to channel error.
Exiting due to channel error.
Exiting due to channel error.
1648835688097	geckodriver	INFO	Listening on 127.0.0.1:43735
1648835688102	mozrunner::runner	INFO	Running command: "/usr/bin/firefox" "--marionette" "--headless" "--remote-debugging-port" "40929" "-no-remote" "-profile" "/tmp/rust_mozprofileOZxQG4"
*** You are running in headless mode.
[GFX1-]: glxtest: libEGL missing
1648835688475	Marionette	INFO	Marionette enabled
[GFX1-]: RenderCompositorSWGL failed mapping default framebuffer, no dt
console.warn: SearchSettings: "get: No settings file exists, new profile?" (new NotFoundError("Could not open the file at /tmp/rust_mozprofileOZxQG4/search.json.mozlz4", (void 0)))
DevTools listening on ws://localhost:40929/devtools/browser/bfa48f0e-8b79-4b9d-b923-0ecb116102f7
1648835691297	Marionette	INFO	Listening on port 36517
1648835691367	RemoteAgent	WARN	TLS certificate errors will be ignored for this session
JavaScript error: https://hivestats.io/static/js/main.8b21f44e.js, line 2: Error: Request aborted
Exiting due to channel error.
Exiting due to channel error.
Exiting due to channel error.
1648835737079	geckodriver	INFO	Listening on 127.0.0.1:42003
1648835737085	mozrunner::runner	INFO	Running command: "/usr/bin/firefox" "--marionette" "--headless" "--remote-debugging-port" "38505" "-no-remote" "-profile" "/tmp/rust_mozprofilePiCtTw"
*** You are running in headless mode.
[GFX1-]: glxtest: libEGL missing
1648835737515	Marionette	INFO	Marionette enabled
[GFX1-]: RenderCompositorSWGL failed mapping default framebuffer, no dt
console.warn: SearchSettings: "get: No settings file exists, new profile?" (new NotFoundError("Could not open the file at /tmp/rust_mozprofilePiCtTw/search.json.mozlz4", (void 0)))
DevTools listening on ws://localhost:38505/devtools/browser/77536a35-0f5f-4fa0-8f30-84ae09052135
1648835740350	Marionette	INFO	Listening on port 38419
1648835740451	RemoteAgent	WARN	TLS certificate errors will be ignored for this session
1648835791649	geckodriver	INFO	Listening on 127.0.0.1:44125
1648835791654	mozrunner::runner	INFO	Running command: "/usr/bin/firefox" "--marionette" "--headless" "--remote-debugging-port" "34599" "-no-remote" "-profile" "/tmp/rust_mozprofileVE5qSZ"
*** You are running in headless mode.
[GFX1-]: glxtest: libEGL missing
1648835792102	Marionette	INFO	Marionette enabled
[GFX1-]: RenderCompositorSWGL failed mapping default framebuffer, no dt
console.warn: SearchSettings: "get: No settings file exists, new profile?" (new NotFoundError("Could not open the file at /tmp/rust_mozprofileVE5qSZ/search.json.mozlz4", (void 0)))
DevTools listening on ws://localhost:34599/devtools/browser/c5ce2203-c5ba-42cc-b9af-62bf77417896
1648835794676	Marionette	INFO	Listening on port 46595
1648835794787	RemoteAgent	WARN	TLS certificate errors will be ignored for this session
1648836050827	geckodriver	INFO	Listening on 127.0.0.1:34637
1648836050832	mozrunner::runner	INFO	Running command: "/usr/bin/firefox" "--marionette" "--headless" "--remote-debugging-port" "38085" "-no-remote" "-profile" "/tmp/rust_mozprofile6hqAoW"
*** You are running in headless mode.
[GFX1-]: glxtest: libEGL missing
1648836051141	Marionette	INFO	Marionette enabled
[GFX1-]: RenderCompositorSWGL failed mapping default framebuffer, no dt
console.warn: SearchSettings: "get: No settings file exists, new profile?" (new NotFoundError("Could not open the file at /tmp/rust_mozprofile6hqAoW/search.json.mozlz4", (void 0)))
DevTools listening on ws://localhost:38085/devtools/browser/54917f42-211d-4f26-97eb-ce2417f54754
1648836052930	Marionette	INFO	Listening on port 46059
1648836052954	RemoteAgent	WARN	TLS certificate errors will be ignored for this session
1648836069836	geckodriver	INFO	Listening on 127.0.0.1:50879
1648836069840	mozrunner::runner	INFO	Running command: "/usr/bin/firefox" "--marionette" "--headless" "--remote-debugging-port" "53515" "-no-remote" "-profile" "/tmp/rust_mozprofile7XoHqp"
*** You are running in headless mode.
[GFX1-]: glxtest: libEGL missing
1648836070133	Marionette	INFO	Marionette enabled
[GFX1-]: RenderCompositorSWGL failed mapping default framebuffer, no dt
console.warn: SearchSettings: "get: No settings file exists, new profile?" (new NotFoundError("Could not open the file at /tmp/rust_mozprofile7XoHqp/search.json.mozlz4", (void 0)))
DevTools listening on ws://localhost:53515/devtools/browser/615b71e0-897f-446f-b069-f11f1c3b46a6
1648836071920	Marionette	INFO	Listening on port 43331
1648836071958	RemoteAgent	WARN	TLS certificate errors will be ignored for this session
JavaScript error: https://hivestats.io/static/js/main.8b21f44e.js, line 2: Error: Request aborted
Exiting due to channel error.
Exiting due to channel error.
Exiting due to channel error.
1648837082342	geckodriver	INFO	Listening on 127.0.0.1:55369
1648837082346	mozrunner::runner	INFO	Running command: "/usr/bin/firefox" "--marionette" "--headless" "--remote-debugging-port" "39845" "-no-remote" "-profile" "/tmp/rust_mozprofile3LEU7K"
*** You are running in headless mode.
[GFX1-]: glxtest: libEGL missing
1648837082607	Marionette	INFO	Marionette enabled
[GFX1-]: RenderCompositorSWGL failed mapping default framebuffer, no dt
console.warn: SearchSettings: "get: No settings file exists, new profile?" (new NotFoundError("Could not open the file at /tmp/rust_mozprofile3LEU7K/search.json.mozlz4", (void 0)))
DevTools listening on ws://localhost:39845/devtools/browser/c85bc270-7dfe-4a9e-8e9a-f405c9f3ca5e
1648837084331	Marionette	INFO	Listening on port 41473
1648837084364	RemoteAgent	WARN	TLS certificate errors will be ignored for this session
1648837357150	geckodriver	INFO	Listening on 127.0.0.1:39547
1648837357154	mozrunner::runner	INFO	Running command: "/usr/bin/firefox" "--marionette" "--headless" "--remote-debugging-port" "45275" "-no-remote" "-profile" "/tmp/rust_mozprofile4zFj0P"
*** You are running in headless mode.
[GFX1-]: glxtest: libEGL missing
1648837357416	Marionette	INFO	Marionette enabled
[GFX1-]: RenderCompositorSWGL failed mapping default framebuffer, no dt
console.warn: SearchSettings: "get: No settings file exists, new profile?" (new NotFoundError("Could not open the file at /tmp/rust_mozprofile4zFj0P/search.json.mozlz4", (void 0)))
DevTools listening on ws://localhost:45275/devtools/browser/fc7d6f49-8a5a-4fad-a562-7d9eab9295bf
1648837358966	Marionette	INFO	Listening on port 42541
1648837359072	RemoteAgent	WARN	TLS certificate errors will be ignored for this session
1648837432494	geckodriver	INFO	Listening on 127.0.0.1:40227
1648837432498	mozrunner::runner	INFO	Running command: "/usr/bin/firefox" "--marionette" "--headless" "--remote-debugging-port" "46377" "-no-remote" "-profile" "/tmp/rust_mozprofiledZC7vv"
*** You are running in headless mode.
[GFX1-]: glxtest: libEGL missing
1648837432868	Marionette	INFO	Marionette enabled
[GFX1-]: RenderCompositorSWGL failed mapping default framebuffer, no dt
console.warn: SearchSettings: "get: No settings file exists, new profile?" (new NotFoundError("Could not open the file at /tmp/rust_mozprofiledZC7vv/search.json.mozlz4", (void 0)))
DevTools listening on ws://localhost:46377/devtools/browser/7618f749-764f-46e2-9495-a8104df67e64
1648837434724	Marionette	INFO	Listening on port 46711
1648837434820	RemoteAgent	WARN	TLS certificate errors will be ignored for this session
1648837606234	geckodriver	INFO	Listening on 127.0.0.1:46213
1648837606238	mozrunner::runner	INFO	Running command: "/usr/bin/firefox" "--marionette" "--headless" "--remote-debugging-port" "59689" "-no-remote" "-profile" "/tmp/rust_mozprofileUJhcMj"
*** You are running in headless mode.
[GFX1-]: glxtest: libEGL missing
1648837606555	Marionette	INFO	Marionette enabled
[GFX1-]: RenderCompositorSWGL failed mapping default framebuffer, no dt
console.warn: SearchSettings: "get: No settings file exists, new profile?" (new NotFoundError("Could not open the file at /tmp/rust_mozprofileUJhcMj/search.json.mozlz4", (void 0)))
DevTools listening on ws://localhost:59689/devtools/browser/8d30a1dd-6b14-46e0-8762-6e6b23255eea
1648837608314	Marionette	INFO	Listening on port 36493
1648837608358	RemoteAgent	WARN	TLS certificate errors will be ignored for this session
1648838169222	geckodriver	INFO	Listening on 127.0.0.1:39459
1648838169241	mozrunner::runner	INFO	Running command: "/usr/bin/firefox" "--marionette" "--headless" "--remote-debugging-port" "41109" "-no-remote" "-profile" "/tmp/rust_mozprofileM0BgEf"
*** You are running in headless mode.
[GFX1-]: glxtest: libEGL missing
1648838169969	Marionette	INFO	Marionette enabled
[GFX1-]: RenderCompositorSWGL failed mapping default framebuffer, no dt
console.warn: SearchSettings: "get: No settings file exists, new profile?" (new NotFoundError("Could not open the file at /tmp/rust_mozprofileM0BgEf/search.json.mozlz4", (void 0)))
DevTools listening on ws://localhost:41109/devtools/browser/698c0bf3-cb66-4c28-8b06-35a68d512e13
1648838173648	Marionette	INFO	Listening on port 39699
1648838173678	RemoteAgent	WARN	TLS certificate errors will be ignored for this session
1648839408265	geckodriver	INFO	Listening on 127.0.0.1:60315
1648839408272	mozrunner::runner	INFO	Running command: "/usr/bin/firefox" "--marionette" "--headless" "--remote-debugging-port" "51201" "-no-remote" "-profile" "/tmp/rust_mozprofilekxcPD6"
*** You are running in headless mode.
[GFX1-]: glxtest: libEGL missing
1648839408871	Marionette	INFO	Marionette enabled
[GFX1-]: RenderCompositorSWGL failed mapping default framebuffer, no dt
console.warn: SearchSettings: "get: No settings file exists, new profile?" (new NotFoundError("Could not open the file at /tmp/rust_mozprofilekxcPD6/search.json.mozlz4", (void 0)))
DevTools listening on ws://localhost:51201/devtools/browser/dfe45dc8-953b-4082-a386-9039c198195a
1648839413042	Marionette	INFO	Listening on port 34371
1648839413173	RemoteAgent	WARN	TLS certificate errors will be ignored for this session
1648839533674	geckodriver	INFO	Listening on 127.0.0.1:42651
1648839533681	mozrunner::runner	INFO	Running command: "/usr/bin/firefox" "--marionette" "--headless" "--remote-debugging-port" "46341" "-no-remote" "-profile" "/tmp/rust_mozprofile5bhwdS"
*** You are running in headless mode.
[GFX1-]: glxtest: libEGL missing
1648839534276	Marionette	INFO	Marionette enabled
[GFX1-]: RenderCompositorSWGL failed mapping default framebuffer, no dt
console.warn: SearchSettings: "get: No settings file exists, new profile?" (new NotFoundError("Could not open the file at /tmp/rust_mozprofile5bhwdS/search.json.mozlz4", (void 0)))
DevTools listening on ws://localhost:46341/devtools/browser/3a722798-e1b0-44e7-8c25-4434b2244230
1648839538528	Marionette	INFO	Listening on port 35335
1648839538663	RemoteAgent	WARN	TLS certificate errors will be ignored for this session
1648842098178	geckodriver	INFO	Listening on 127.0.0.1:46699
1648842098685	mozrunner::runner	INFO	Running command: "/usr/bin/firefox" "--marionette" "--headless" "--remote-debugging-port" "34641" "-no-remote" "-profile" "/tmp/rust_mozprofileQrbJYb"
*** You are running in headless mode.
[GFX1-]: glxtest: libEGL missing
1648842099220	Marionette	INFO	Marionette enabled
[GFX1-]: RenderCompositorSWGL failed mapping default framebuffer, no dt
console.warn: SearchSettings: "get: No settings file exists, new profile?" (new NotFoundError("Could not open the file at /tmp/rust_mozprofileQrbJYb/search.json.mozlz4", (void 0)))
DevTools listening on ws://localhost:34641/devtools/browser/e27acd2c-9f7f-470f-a2c5-c47371df2de5
1648842101666	Marionette	INFO	Listening on port 42061
1648842101721	RemoteAgent	WARN	TLS certificate errors will be ignored for this session
Exiting due to channel error.
Exiting due to channel error.
Exiting due to channel error.
1648842302967	geckodriver	INFO	Listening on 127.0.0.1:52561
1648842302972	mozrunner::runner	INFO	Running command: "/usr/bin/firefox" "--marionette" "--headless" "--remote-debugging-port" "33479" "-no-remote" "-profile" "/tmp/rust_mozprofilerkfBzG"
*** You are running in headless mode.
[GFX1-]: glxtest: libEGL missing
1648842303216	Marionette	INFO	Marionette enabled
[GFX1-]: RenderCompositorSWGL failed mapping default framebuffer, no dt
console.warn: SearchSettings: "get: No settings file exists, new profile?" (new NotFoundError("Could not open the file at /tmp/rust_mozprofilerkfBzG/search.json.mozlz4", (void 0)))
DevTools listening on ws://localhost:33479/devtools/browser/bca528d8-cddf-45dc-ad1d-b2efb06c3d13
1648842304852	Marionette	INFO	Listening on port 34391
1648842304890	RemoteAgent	WARN	TLS certificate errors will be ignored for this session
[GFX1-]: Receive IPC close with reason=AbnormalShutdown
Exiting due to channel error.
Exiting due to channel error.
Exiting due to channel error.
1648842435551	geckodriver	INFO	Listening on 127.0.0.1:46187
1648842435556	mozrunner::runner	INFO	Running command: "/usr/bin/firefox" "--marionette" "--headless" "--remote-debugging-port" "58563" "-no-remote" "-profile" "/tmp/rust_mozprofileaAyCf6"
*** You are running in headless mode.
[GFX1-]: glxtest: libEGL missing
1648842435830	Marionette	INFO	Marionette enabled
[GFX1-]: RenderCompositorSWGL failed mapping default framebuffer, no dt
console.warn: SearchSettings: "get: No settings file exists, new profile?" (new NotFoundError("Could not open the file at /tmp/rust_mozprofileaAyCf6/search.json.mozlz4", (void 0)))
DevTools listening on ws://localhost:58563/devtools/browser/4fff84fe-8c93-4220-813a-f38cb5d8fd4e
1648842437352	Marionette	INFO	Listening on port 40413
1648842437373	RemoteAgent	WARN	TLS certificate errors will be ignored for this session
Exiting due to channel error.
Exiting due to channel error.
Exiting due to channel error.
